
> backend-opal@1.0.0 start /home/hongmingda/work/EPAM/epam-academy/JSA-Opal-ShenZhen/backend-opal
> cross-env NODE_ENV=dev node migration.js up && cross-env NODE_ENV=dev nodemon -r tsconfig-paths/register start.js

[33m[nodemon] 1.19.4[39m
[33m[nodemon] to restart at any time, enter `rs`[39m
[33m[nodemon] watching dir(s): *.*[39m
[33m[nodemon] watching extensions: js,mjs,json[39m
[32m[nodemon] starting `node -r tsconfig-paths/register start.js`[39m
events.js:174
      throw er; // Unhandled 'error' event
      ^

Error: EBADF: bad file descriptor, read
Emitted 'error' event at:
    at lazyFs.read (internal/fs/streams.js:165:12)
    at FSReqWrap.wrapper [as oncomplete] (fs.js:467:17)
npm ERR! code ELIFECYCLE
npm ERR! errno 1
npm ERR! backend-opal@1.0.0 start: `cross-env NODE_ENV=dev node migration.js up && cross-env NODE_ENV=dev nodemon -r tsconfig-paths/register start.js`
npm ERR! Exit status 1
npm ERR! 
npm ERR! Failed at the backend-opal@1.0.0 start script.
npm ERR! This is probably not a problem with npm. There is likely additional logging output above.

npm ERR! A complete log of this run can be found in:
npm ERR!     /home/hongmingda/.npm/_logs/2019-12-04T13_31_01_565Z-debug.log
express server's running on PORT 3001
Database connected as id 9
1
Executed a query successfully!
1
Executed a query successfully!
1
Executed a query successfully!
1
Executed a query successfully!
1
Executed a query successfully!
1
Executed a query successfully!
1
Executed a query successfully!
1
Executed a query successfully!
1
Executed a query successfully!
events.js:174
      throw er; // Unhandled 'error' event
      ^

Error: Connection lost: The server closed the connection.
    at Protocol.end (/home/hongmingda/work/EPAM/epam-academy/JSA-Opal-ShenZhen/backend-opal/node_modules/mysql/lib/protocol/Protocol.js:112:13)
    at Socket.<anonymous> (/home/hongmingda/work/EPAM/epam-academy/JSA-Opal-ShenZhen/backend-opal/node_modules/mysql/lib/Connection.js:97:28)
    at Socket.<anonymous> (/home/hongmingda/work/EPAM/epam-academy/JSA-Opal-ShenZhen/backend-opal/node_modules/mysql/lib/Connection.js:525:10)
    at Socket.emit (events.js:203:15)
    at endReadableNT (_stream_readable.js:1145:12)
    at process._tickCallback (internal/process/next_tick.js:63:19)
Emitted 'error' event at:
    at Connection._handleProtocolError (/home/hongmingda/work/EPAM/epam-academy/JSA-Opal-ShenZhen/backend-opal/node_modules/mysql/lib/Connection.js:426:8)
    at Protocol.emit (events.js:198:13)
    at Protocol._delegateError (/home/hongmingda/work/EPAM/epam-academy/JSA-Opal-ShenZhen/backend-opal/node_modules/mysql/lib/protocol/Protocol.js:398:10)
    at Protocol.end (/home/hongmingda/work/EPAM/epam-academy/JSA-Opal-ShenZhen/backend-opal/node_modules/mysql/lib/protocol/Protocol.js:116:8)
    at Socket.<anonymous> (/home/hongmingda/work/EPAM/epam-academy/JSA-Opal-ShenZhen/backend-opal/node_modules/mysql/lib/Connection.js:97:28)
    [... lines matching original stack trace ...]
    at process._tickCallback (internal/process/next_tick.js:63:19)
Lifecycle scripts included in backend-opal:
  start
    cross-env NODE_ENV=dev node migration.js up && cross-env NODE_ENV=dev nodemon -r tsconfig-paths/register start.js
  test
    jest

available via `npm run-script`:
  start-prod
    cross-env NODE_ENV=prod node migration.js up && cross-env NODE_ENV=dev nodemon -r tsconfig-paths/register start.js
  lint
    eslint **/*.{js,jsx} --ext .js
  lint-fix
    eslint **/*.{js,jsx} --ext .js --fix

> backend-opal@1.0.0 start /home/hongmingda/work/EPAM/epam-academy/JSA-Opal-ShenZhen/backend-opal
> cross-env NODE_ENV=dev node migration.js up && cross-env NODE_ENV=dev nodemon -r tsconfig-paths/register start.js

[33m[nodemon] 1.19.4[39m
[33m[nodemon] to restart at any time, enter `rs`[39m
[33m[nodemon] watching dir(s): *.*[39m
[33m[nodemon] watching extensions: js,mjs,json[39m
[32m[nodemon] starting `node -r tsconfig-paths/register start.js`[39m
events.js:174
      throw er; // Unhandled 'error' event
      ^

Error: EBADF: bad file descriptor, read
Emitted 'error' event at:
    at lazyFs.read (internal/fs/streams.js:165:12)
    at FSReqWrap.wrapper [as oncomplete] (fs.js:467:17)
npm ERR! code ELIFECYCLE
npm ERR! errno 1
npm ERR! backend-opal@1.0.0 start: `cross-env NODE_ENV=dev node migration.js up && cross-env NODE_ENV=dev nodemon -r tsconfig-paths/register start.js`
npm ERR! Exit status 1
npm ERR! 
npm ERR! Failed at the backend-opal@1.0.0 start script.
npm ERR! This is probably not a problem with npm. There is likely additional logging output above.

npm ERR! A complete log of this run can be found in:
npm ERR!     /home/hongmingda/.npm/_logs/2019-12-05T01_23_24_950Z-debug.log
express server's running on PORT 3001
Database connected as id 11
